<?xml version="1.0" encoding="UTF-8"?>
<!-- Generated by org.testng.reporters.JUnitXMLReporter -->
<testsuite ignored="0" hostname="PaulPrabakars-MacBook-Pro.local" failures="0" tests="30" name="Prism Software Solutions Tests" time="38.446" errors="0" timestamp="2026-01-14T17:55:25 EST">
  <testcase classname="com.selenium.tests.ui.prism.HomePageTest" name="testHomePageLoadsSuccessfully" time="0.28"/>
  <testcase classname="com.selenium.tests.ui.prism.HomePageTest" name="testHomePageMainHeading" time="0.468"/>
  <testcase classname="com.selenium.tests.ui.prism.HomePageTest" name="testNavigateToAboutPageViaLink" time="0.354"/>
  <testcase classname="com.selenium.tests.ui.prism.HomePageTest" name="testNavigateToContactPageViaLink" time="1.178"/>
  <testcase classname="com.selenium.tests.ui.prism.HomePageTest" name="testOurProductsSectionVisible" time="0.268"/>
  <testcase classname="com.selenium.tests.ui.prism.HomePageTest" name="testWhyChoosePrismSectionVisible" time="0.285"/>
  <testcase classname="com.selenium.tests.ui.prism.AboutPageTest" name="testAboutPageLoadsSuccessfully" time="0.345"/>
  <testcase classname="com.selenium.tests.ui.prism.AboutPageTest" name="testAboutPageTitle" time="0.337"/>
  <testcase classname="com.selenium.tests.ui.prism.AboutPageTest" name="testMissionContent" time="0.273"/>
  <testcase classname="com.selenium.tests.ui.prism.AboutPageTest" name="testMissionSectionVisible" time="0.406"/>
  <testcase classname="com.selenium.tests.ui.prism.AboutPageTest" name="testNavigateToContactPageFromAbout" time="0.405"/>
  <testcase classname="com.selenium.tests.ui.prism.AboutPageTest" name="testNavigateToHomePageFromAbout" time="0.504"/>
  <testcase classname="com.selenium.tests.ui.prism.AboutPageTest" name="testSmartOperationsSectionVisible" time="0.251"/>
  <testcase classname="com.selenium.tests.ui.prism.AboutPageTest" name="testVisionContent" time="0.276"/>
  <testcase classname="com.selenium.tests.ui.prism.AboutPageTest" name="testVisionSectionVisible" time="0.287"/>
  <testcase classname="com.selenium.tests.ui.prism.ContactPageTest" name="testConnectSectionVisible" time="0.33"/>
  <testcase classname="com.selenium.tests.ui.prism.ContactPageTest" name="testContactFormElementsDisplayed" time="0.337"/>
  <testcase classname="com.selenium.tests.ui.prism.ContactPageTest" name="testContactFormEmailValidation" time="0.408"/>
  <testcase classname="com.selenium.tests.ui.prism.ContactPageTest" name="testContactPageLoadsSuccessfully" time="0.28"/>
  <testcase classname="com.selenium.tests.ui.prism.ContactPageTest" name="testContactPageNavigationPath" time="0.358"/>
  <testcase classname="com.selenium.tests.ui.prism.ContactPageTest" name="testContactPageTitle" time="0.251"/>
  <testcase classname="com.selenium.tests.ui.prism.ContactPageTest" name="testFillContactForm" time="0.373"/>
  <testcase classname="com.selenium.tests.ui.prism.ContactPageTest" name="testNavigateToHomePageFromContact" time="0.433"/>
  <testcase classname="com.selenium.tests.ui.prism.ContactPageTest" name="testSubmitContactForm" time="0.42"/>
  <testcase classname="com.selenium.tests.ui.prism.PrismNavigationTest" name="testBrowserBackButton" time="0.35"/>
  <testcase classname="com.selenium.tests.ui.prism.PrismNavigationTest" name="testBrowserForwardButton" time="1.247"/>
  <testcase classname="com.selenium.tests.ui.prism.PrismNavigationTest" name="testCompleteNavigationFlow" time="1.217"/>
  <testcase classname="com.selenium.tests.ui.prism.PrismNavigationTest" name="testDirectNavigationToAllPages" time="0.517"/>
  <testcase classname="com.selenium.tests.ui.prism.PrismNavigationTest" name="testHomePageAllLinksAccessible" time="0.266"/>
  <testcase classname="com.selenium.tests.ui.prism.PrismNavigationTest" name="testPageTitleConsistency" time="0.412"/>
</testsuite> <!-- Prism Software Solutions Tests -->
