<?xml version="1.0" encoding="UTF-8"?>
<testng-results ignored="0" total="30" passed="30" failed="0" skipped="0">
  <reporter-output>
  </reporter-output>
  <suite started-at="2026-01-14T17:54:46 EST" name="Selenium Test Suite" finished-at="2026-01-14T17:55:25 EST" duration-ms="38446">
    <groups>
    </groups>
    <test started-at="2026-01-14T17:54:46 EST" name="Prism Software Solutions Tests" finished-at="2026-01-14T17:55:25 EST" duration-ms="38446">
      <class name="com.selenium.tests.ui.prism.ContactPageTest">
        <test-method is-config="true" signature="setUp()[pri:0, instance:com.selenium.tests.ui.prism.ContactPageTest@6bf08014]" started-at="2026-01-14T17:55:05 EST" name="setUp" finished-at="2026-01-14T17:55:06 EST" duration-ms="715" status="PASS">
          <reporter-output>
          </reporter-output>
        </test-method> <!-- setUp -->
        <test-method signature="testConnectSectionVisible()[pri:0, instance:com.selenium.tests.ui.prism.ContactPageTest@6bf08014]" started-at="2026-01-14T17:55:06 EST" name="testConnectSectionVisible" finished-at="2026-01-14T17:55:06 EST" duration-ms="330" status="PASS">
          <reporter-output>
          </reporter-output>
        </test-method> <!-- testConnectSectionVisible -->
        <test-method is-config="true" signature="tearDown()[pri:0, instance:com.selenium.tests.ui.prism.ContactPageTest@6bf08014]" started-at="2026-01-14T17:55:06 EST" name="tearDown" finished-at="2026-01-14T17:55:06 EST" duration-ms="80" status="PASS">
          <reporter-output>
          </reporter-output>
        </test-method> <!-- tearDown -->
        <test-method is-config="true" signature="setUp()[pri:0, instance:com.selenium.tests.ui.prism.ContactPageTest@6bf08014]" started-at="2026-01-14T17:55:06 EST" name="setUp" finished-at="2026-01-14T17:55:07 EST" duration-ms="784" status="PASS">
          <reporter-output>
          </reporter-output>
        </test-method> <!-- setUp -->
        <test-method signature="testContactFormElementsDisplayed()[pri:0, instance:com.selenium.tests.ui.prism.ContactPageTest@6bf08014]" started-at="2026-01-14T17:55:07 EST" name="testContactFormElementsDisplayed" finished-at="2026-01-14T17:55:07 EST" duration-ms="337" status="PASS">
          <reporter-output>
          </reporter-output>
        </test-method> <!-- testContactFormElementsDisplayed -->
        <test-method is-config="true" signature="tearDown()[pri:0, instance:com.selenium.tests.ui.prism.ContactPageTest@6bf08014]" started-at="2026-01-14T17:55:07 EST" name="tearDown" finished-at="2026-01-14T17:55:07 EST" duration-ms="79" status="PASS">
          <reporter-output>
          </reporter-output>
        </test-method> <!-- tearDown -->
        <test-method is-config="true" signature="setUp()[pri:0, instance:com.selenium.tests.ui.prism.ContactPageTest@6bf08014]" started-at="2026-01-14T17:55:07 EST" name="setUp" finished-at="2026-01-14T17:55:08 EST" duration-ms="733" status="PASS">
          <reporter-output>
          </reporter-output>
        </test-method> <!-- setUp -->
        <test-method signature="testContactFormEmailValidation()[pri:0, instance:com.selenium.tests.ui.prism.ContactPageTest@6bf08014]" started-at="2026-01-14T17:55:08 EST" name="testContactFormEmailValidation" finished-at="2026-01-14T17:55:09 EST" duration-ms="408" status="PASS">
          <reporter-output>
          </reporter-output>
        </test-method> <!-- testContactFormEmailValidation -->
        <test-method is-config="true" signature="tearDown()[pri:0, instance:com.selenium.tests.ui.prism.ContactPageTest@6bf08014]" started-at="2026-01-14T17:55:09 EST" name="tearDown" finished-at="2026-01-14T17:55:09 EST" duration-ms="80" status="PASS">
          <reporter-output>
          </reporter-output>
        </test-method> <!-- tearDown -->
        <test-method is-config="true" signature="setUp()[pri:0, instance:com.selenium.tests.ui.prism.ContactPageTest@6bf08014]" started-at="2026-01-14T17:55:09 EST" name="setUp" finished-at="2026-01-14T17:55:09 EST" duration-ms="804" status="PASS">
          <reporter-output>
          </reporter-output>
        </test-method> <!-- setUp -->
        <test-method signature="testContactPageLoadsSuccessfully()[pri:0, instance:com.selenium.tests.ui.prism.ContactPageTest@6bf08014]" started-at="2026-01-14T17:55:09 EST" name="testContactPageLoadsSuccessfully" finished-at="2026-01-14T17:55:10 EST" duration-ms="280" status="PASS">
          <reporter-output>
          </reporter-output>
        </test-method> <!-- testContactPageLoadsSuccessfully -->
        <test-method is-config="true" signature="tearDown()[pri:0, instance:com.selenium.tests.ui.prism.ContactPageTest@6bf08014]" started-at="2026-01-14T17:55:10 EST" name="tearDown" finished-at="2026-01-14T17:55:10 EST" duration-ms="80" status="PASS">
          <reporter-output>
          </reporter-output>
        </test-method> <!-- tearDown -->
        <test-method is-config="true" signature="setUp()[pri:0, instance:com.selenium.tests.ui.prism.ContactPageTest@6bf08014]" started-at="2026-01-14T17:55:10 EST" name="setUp" finished-at="2026-01-14T17:55:11 EST" duration-ms="671" status="PASS">
          <reporter-output>
          </reporter-output>
        </test-method> <!-- setUp -->
        <test-method signature="testContactPageNavigationPath()[pri:0, instance:com.selenium.tests.ui.prism.ContactPageTest@6bf08014]" started-at="2026-01-14T17:55:11 EST" name="testContactPageNavigationPath" finished-at="2026-01-14T17:55:11 EST" duration-ms="358" status="PASS">
          <reporter-output>
          </reporter-output>
        </test-method> <!-- testContactPageNavigationPath -->
        <test-method is-config="true" signature="tearDown()[pri:0, instance:com.selenium.tests.ui.prism.ContactPageTest@6bf08014]" started-at="2026-01-14T17:55:11 EST" name="tearDown" finished-at="2026-01-14T17:55:11 EST" duration-ms="78" status="PASS">
          <reporter-output>
          </reporter-output>
        </test-method> <!-- tearDown -->
        <test-method is-config="true" signature="setUp()[pri:0, instance:com.selenium.tests.ui.prism.ContactPageTest@6bf08014]" started-at="2026-01-14T17:55:11 EST" name="setUp" finished-at="2026-01-14T17:55:12 EST" duration-ms="774" status="PASS">
          <reporter-output>
          </reporter-output>
        </test-method> <!-- setUp -->
        <test-method signature="testContactPageTitle()[pri:0, instance:com.selenium.tests.ui.prism.ContactPageTest@6bf08014]" started-at="2026-01-14T17:55:12 EST" name="testContactPageTitle" finished-at="2026-01-14T17:55:12 EST" duration-ms="251" status="PASS">
          <reporter-output>
          </reporter-output>
        </test-method> <!-- testContactPageTitle -->
        <test-method is-config="true" signature="tearDown()[pri:0, instance:com.selenium.tests.ui.prism.ContactPageTest@6bf08014]" started-at="2026-01-14T17:55:12 EST" name="tearDown" finished-at="2026-01-14T17:55:12 EST" duration-ms="74" status="PASS">
          <reporter-output>
          </reporter-output>
        </test-method> <!-- tearDown -->
        <test-method is-config="true" signature="setUp()[pri:0, instance:com.selenium.tests.ui.prism.ContactPageTest@6bf08014]" started-at="2026-01-14T17:55:12 EST" name="setUp" finished-at="2026-01-14T17:55:13 EST" duration-ms="716" status="PASS">
          <reporter-output>
          </reporter-output>
        </test-method> <!-- setUp -->
        <test-method signature="testFillContactForm()[pri:0, instance:com.selenium.tests.ui.prism.ContactPageTest@6bf08014]" started-at="2026-01-14T17:55:13 EST" name="testFillContactForm" finished-at="2026-01-14T17:55:13 EST" duration-ms="373" status="PASS">
          <reporter-output>
          </reporter-output>
        </test-method> <!-- testFillContactForm -->
        <test-method is-config="true" signature="tearDown()[pri:0, instance:com.selenium.tests.ui.prism.ContactPageTest@6bf08014]" started-at="2026-01-14T17:55:13 EST" name="tearDown" finished-at="2026-01-14T17:55:13 EST" duration-ms="79" status="PASS">
          <reporter-output>
          </reporter-output>
        </test-method> <!-- tearDown -->
        <test-method is-config="true" signature="setUp()[pri:0, instance:com.selenium.tests.ui.prism.ContactPageTest@6bf08014]" started-at="2026-01-14T17:55:13 EST" name="setUp" finished-at="2026-01-14T17:55:14 EST" duration-ms="787" status="PASS">
          <reporter-output>
          </reporter-output>
        </test-method> <!-- setUp -->
        <test-method signature="testNavigateToHomePageFromContact()[pri:0, instance:com.selenium.tests.ui.prism.ContactPageTest@6bf08014]" started-at="2026-01-14T17:55:14 EST" name="testNavigateToHomePageFromContact" finished-at="2026-01-14T17:55:14 EST" duration-ms="433" status="PASS">
          <reporter-output>
          </reporter-output>
        </test-method> <!-- testNavigateToHomePageFromContact -->
        <test-method is-config="true" signature="tearDown()[pri:0, instance:com.selenium.tests.ui.prism.ContactPageTest@6bf08014]" started-at="2026-01-14T17:55:14 EST" name="tearDown" finished-at="2026-01-14T17:55:15 EST" duration-ms="77" status="PASS">
          <reporter-output>
          </reporter-output>
        </test-method> <!-- tearDown -->
        <test-method is-config="true" signature="setUp()[pri:0, instance:com.selenium.tests.ui.prism.ContactPageTest@6bf08014]" started-at="2026-01-14T17:55:15 EST" name="setUp" finished-at="2026-01-14T17:55:15 EST" duration-ms="725" status="PASS">
          <reporter-output>
          </reporter-output>
        </test-method> <!-- setUp -->
        <test-method signature="testSubmitContactForm()[pri:0, instance:com.selenium.tests.ui.prism.ContactPageTest@6bf08014]" started-at="2026-01-14T17:55:15 EST" name="testSubmitContactForm" finished-at="2026-01-14T17:55:16 EST" duration-ms="420" status="PASS">
          <reporter-output>
          </reporter-output>
        </test-method> <!-- testSubmitContactForm -->
        <test-method is-config="true" signature="tearDown()[pri:0, instance:com.selenium.tests.ui.prism.ContactPageTest@6bf08014]" started-at="2026-01-14T17:55:16 EST" name="tearDown" finished-at="2026-01-14T17:55:16 EST" duration-ms="79" status="PASS">
          <reporter-output>
          </reporter-output>
        </test-method> <!-- tearDown -->
      </class> <!-- com.selenium.tests.ui.prism.ContactPageTest -->
      <class name="com.selenium.tests.ui.prism.AboutPageTest">
        <test-method is-config="true" signature="setUp()[pri:0, instance:com.selenium.tests.ui.prism.AboutPageTest@4416d64f]" started-at="2026-01-14T17:54:55 EST" name="setUp" finished-at="2026-01-14T17:54:55 EST" duration-ms="777" status="PASS">
          <reporter-output>
          </reporter-output>
        </test-method> <!-- setUp -->
        <test-method signature="testAboutPageLoadsSuccessfully()[pri:0, instance:com.selenium.tests.ui.prism.AboutPageTest@4416d64f]" started-at="2026-01-14T17:54:55 EST" name="testAboutPageLoadsSuccessfully" finished-at="2026-01-14T17:54:56 EST" duration-ms="345" status="PASS">
          <reporter-output>
          </reporter-output>
        </test-method> <!-- testAboutPageLoadsSuccessfully -->
        <test-method is-config="true" signature="tearDown()[pri:0, instance:com.selenium.tests.ui.prism.AboutPageTest@4416d64f]" started-at="2026-01-14T17:54:56 EST" name="tearDown" finished-at="2026-01-14T17:54:56 EST" duration-ms="75" status="PASS">
          <reporter-output>
          </reporter-output>
        </test-method> <!-- tearDown -->
        <test-method is-config="true" signature="setUp()[pri:0, instance:com.selenium.tests.ui.prism.AboutPageTest@4416d64f]" started-at="2026-01-14T17:54:56 EST" name="setUp" finished-at="2026-01-14T17:54:56 EST" duration-ms="719" status="PASS">
          <reporter-output>
          </reporter-output>
        </test-method> <!-- setUp -->
        <test-method signature="testAboutPageTitle()[pri:0, instance:com.selenium.tests.ui.prism.AboutPageTest@4416d64f]" started-at="2026-01-14T17:54:56 EST" name="testAboutPageTitle" finished-at="2026-01-14T17:54:57 EST" duration-ms="337" status="PASS">
          <reporter-output>
          </reporter-output>
        </test-method> <!-- testAboutPageTitle -->
        <test-method is-config="true" signature="tearDown()[pri:0, instance:com.selenium.tests.ui.prism.AboutPageTest@4416d64f]" started-at="2026-01-14T17:54:57 EST" name="tearDown" finished-at="2026-01-14T17:54:57 EST" duration-ms="79" status="PASS">
          <reporter-output>
          </reporter-output>
        </test-method> <!-- tearDown -->
        <test-method is-config="true" signature="setUp()[pri:0, instance:com.selenium.tests.ui.prism.AboutPageTest@4416d64f]" started-at="2026-01-14T17:54:57 EST" name="setUp" finished-at="2026-01-14T17:54:58 EST" duration-ms="784" status="PASS">
          <reporter-output>
          </reporter-output>
        </test-method> <!-- setUp -->
        <test-method signature="testMissionContent()[pri:0, instance:com.selenium.tests.ui.prism.AboutPageTest@4416d64f]" started-at="2026-01-14T17:54:58 EST" name="testMissionContent" finished-at="2026-01-14T17:54:58 EST" duration-ms="273" status="PASS">
          <reporter-output>
          </reporter-output>
        </test-method> <!-- testMissionContent -->
        <test-method is-config="true" signature="tearDown()[pri:0, instance:com.selenium.tests.ui.prism.AboutPageTest@4416d64f]" started-at="2026-01-14T17:54:58 EST" name="tearDown" finished-at="2026-01-14T17:54:58 EST" duration-ms="75" status="PASS">
          <reporter-output>
          </reporter-output>
        </test-method> <!-- tearDown -->
        <test-method is-config="true" signature="setUp()[pri:0, instance:com.selenium.tests.ui.prism.AboutPageTest@4416d64f]" started-at="2026-01-14T17:54:58 EST" name="setUp" finished-at="2026-01-14T17:54:59 EST" duration-ms="752" status="PASS">
          <reporter-output>
          </reporter-output>
        </test-method> <!-- setUp -->
        <test-method signature="testMissionSectionVisible()[pri:0, instance:com.selenium.tests.ui.prism.AboutPageTest@4416d64f]" started-at="2026-01-14T17:54:59 EST" name="testMissionSectionVisible" finished-at="2026-01-14T17:54:59 EST" duration-ms="406" status="PASS">
          <reporter-output>
          </reporter-output>
        </test-method> <!-- testMissionSectionVisible -->
        <test-method is-config="true" signature="tearDown()[pri:0, instance:com.selenium.tests.ui.prism.AboutPageTest@4416d64f]" started-at="2026-01-14T17:54:59 EST" name="tearDown" finished-at="2026-01-14T17:54:59 EST" duration-ms="81" status="PASS">
          <reporter-output>
          </reporter-output>
        </test-method> <!-- tearDown -->
        <test-method is-config="true" signature="setUp()[pri:0, instance:com.selenium.tests.ui.prism.AboutPageTest@4416d64f]" started-at="2026-01-14T17:54:59 EST" name="setUp" finished-at="2026-01-14T17:55:00 EST" duration-ms="779" status="PASS">
          <reporter-output>
          </reporter-output>
        </test-method> <!-- setUp -->
        <test-method signature="testNavigateToContactPageFromAbout()[pri:0, instance:com.selenium.tests.ui.prism.AboutPageTest@4416d64f]" started-at="2026-01-14T17:55:00 EST" name="testNavigateToContactPageFromAbout" finished-at="2026-01-14T17:55:00 EST" duration-ms="405" status="PASS">
          <reporter-output>
          </reporter-output>
        </test-method> <!-- testNavigateToContactPageFromAbout -->
        <test-method is-config="true" signature="tearDown()[pri:0, instance:com.selenium.tests.ui.prism.AboutPageTest@4416d64f]" started-at="2026-01-14T17:55:00 EST" name="tearDown" finished-at="2026-01-14T17:55:01 EST" duration-ms="78" status="PASS">
          <reporter-output>
          </reporter-output>
        </test-method> <!-- tearDown -->
        <test-method is-config="true" signature="setUp()[pri:0, instance:com.selenium.tests.ui.prism.AboutPageTest@4416d64f]" started-at="2026-01-14T17:55:01 EST" name="setUp" finished-at="2026-01-14T17:55:01 EST" duration-ms="717" status="PASS">
          <reporter-output>
          </reporter-output>
        </test-method> <!-- setUp -->
        <test-method signature="testNavigateToHomePageFromAbout()[pri:0, instance:com.selenium.tests.ui.prism.AboutPageTest@4416d64f]" started-at="2026-01-14T17:55:01 EST" name="testNavigateToHomePageFromAbout" finished-at="2026-01-14T17:55:02 EST" duration-ms="504" status="PASS">
          <reporter-output>
          </reporter-output>
        </test-method> <!-- testNavigateToHomePageFromAbout -->
        <test-method is-config="true" signature="tearDown()[pri:0, instance:com.selenium.tests.ui.prism.AboutPageTest@4416d64f]" started-at="2026-01-14T17:55:02 EST" name="tearDown" finished-at="2026-01-14T17:55:02 EST" duration-ms="81" status="PASS">
          <reporter-output>
          </reporter-output>
        </test-method> <!-- tearDown -->
        <test-method is-config="true" signature="setUp()[pri:0, instance:com.selenium.tests.ui.prism.AboutPageTest@4416d64f]" started-at="2026-01-14T17:55:02 EST" name="setUp" finished-at="2026-01-14T17:55:03 EST" duration-ms="780" status="PASS">
          <reporter-output>
          </reporter-output>
        </test-method> <!-- setUp -->
        <test-method signature="testSmartOperationsSectionVisible()[pri:0, instance:com.selenium.tests.ui.prism.AboutPageTest@4416d64f]" started-at="2026-01-14T17:55:03 EST" name="testSmartOperationsSectionVisible" finished-at="2026-01-14T17:55:03 EST" duration-ms="251" status="PASS">
          <reporter-output>
          </reporter-output>
        </test-method> <!-- testSmartOperationsSectionVisible -->
        <test-method is-config="true" signature="tearDown()[pri:0, instance:com.selenium.tests.ui.prism.AboutPageTest@4416d64f]" started-at="2026-01-14T17:55:03 EST" name="tearDown" finished-at="2026-01-14T17:55:03 EST" duration-ms="79" status="PASS">
          <reporter-output>
          </reporter-output>
        </test-method> <!-- tearDown -->
        <test-method is-config="true" signature="setUp()[pri:0, instance:com.selenium.tests.ui.prism.AboutPageTest@4416d64f]" started-at="2026-01-14T17:55:03 EST" name="setUp" finished-at="2026-01-14T17:55:04 EST" duration-ms="738" status="PASS">
          <reporter-output>
          </reporter-output>
        </test-method> <!-- setUp -->
        <test-method signature="testVisionContent()[pri:0, instance:com.selenium.tests.ui.prism.AboutPageTest@4416d64f]" started-at="2026-01-14T17:55:04 EST" name="testVisionContent" finished-at="2026-01-14T17:55:04 EST" duration-ms="276" status="PASS">
          <reporter-output>
          </reporter-output>
        </test-method> <!-- testVisionContent -->
        <test-method is-config="true" signature="tearDown()[pri:0, instance:com.selenium.tests.ui.prism.AboutPageTest@4416d64f]" started-at="2026-01-14T17:55:04 EST" name="tearDown" finished-at="2026-01-14T17:55:04 EST" duration-ms="79" status="PASS">
          <reporter-output>
          </reporter-output>
        </test-method> <!-- tearDown -->
        <test-method is-config="true" signature="setUp()[pri:0, instance:com.selenium.tests.ui.prism.AboutPageTest@4416d64f]" started-at="2026-01-14T17:55:04 EST" name="setUp" finished-at="2026-01-14T17:55:05 EST" duration-ms="759" status="PASS">
          <reporter-output>
          </reporter-output>
        </test-method> <!-- setUp -->
        <test-method signature="testVisionSectionVisible()[pri:0, instance:com.selenium.tests.ui.prism.AboutPageTest@4416d64f]" started-at="2026-01-14T17:55:05 EST" name="testVisionSectionVisible" finished-at="2026-01-14T17:55:05 EST" duration-ms="287" status="PASS">
          <reporter-output>
          </reporter-output>
        </test-method> <!-- testVisionSectionVisible -->
        <test-method is-config="true" signature="tearDown()[pri:0, instance:com.selenium.tests.ui.prism.AboutPageTest@4416d64f]" started-at="2026-01-14T17:55:05 EST" name="tearDown" finished-at="2026-01-14T17:55:05 EST" duration-ms="81" status="PASS">
          <reporter-output>
          </reporter-output>
        </test-method> <!-- tearDown -->
      </class> <!-- com.selenium.tests.ui.prism.AboutPageTest -->
      <class name="com.selenium.tests.ui.prism.HomePageTest">
        <test-method is-config="true" signature="setUp()[pri:0, instance:com.selenium.tests.ui.prism.HomePageTest@df6620a]" started-at="2026-01-14T17:54:46 EST" name="setUp" finished-at="2026-01-14T17:54:47 EST" duration-ms="959" status="PASS">
          <reporter-output>
          </reporter-output>
        </test-method> <!-- setUp -->
        <test-method signature="testHomePageLoadsSuccessfully()[pri:0, instance:com.selenium.tests.ui.prism.HomePageTest@df6620a]" started-at="2026-01-14T17:54:47 EST" name="testHomePageLoadsSuccessfully" finished-at="2026-01-14T17:54:48 EST" duration-ms="280" status="PASS">
          <reporter-output>
          </reporter-output>
        </test-method> <!-- testHomePageLoadsSuccessfully -->
        <test-method is-config="true" signature="tearDown()[pri:0, instance:com.selenium.tests.ui.prism.HomePageTest@df6620a]" started-at="2026-01-14T17:54:48 EST" name="tearDown" finished-at="2026-01-14T17:54:48 EST" duration-ms="89" status="PASS">
          <reporter-output>
          </reporter-output>
        </test-method> <!-- tearDown -->
        <test-method is-config="true" signature="setUp()[pri:0, instance:com.selenium.tests.ui.prism.HomePageTest@df6620a]" started-at="2026-01-14T17:54:48 EST" name="setUp" finished-at="2026-01-14T17:54:49 EST" duration-ms="820" status="PASS">
          <reporter-output>
          </reporter-output>
        </test-method> <!-- setUp -->
        <test-method signature="testHomePageMainHeading()[pri:0, instance:com.selenium.tests.ui.prism.HomePageTest@df6620a]" started-at="2026-01-14T17:54:49 EST" name="testHomePageMainHeading" finished-at="2026-01-14T17:54:49 EST" duration-ms="468" status="PASS">
          <reporter-output>
          </reporter-output>
        </test-method> <!-- testHomePageMainHeading -->
        <test-method is-config="true" signature="tearDown()[pri:0, instance:com.selenium.tests.ui.prism.HomePageTest@df6620a]" started-at="2026-01-14T17:54:49 EST" name="tearDown" finished-at="2026-01-14T17:54:49 EST" duration-ms="81" status="PASS">
          <reporter-output>
          </reporter-output>
        </test-method> <!-- tearDown -->
        <test-method is-config="true" signature="setUp()[pri:0, instance:com.selenium.tests.ui.prism.HomePageTest@df6620a]" started-at="2026-01-14T17:54:49 EST" name="setUp" finished-at="2026-01-14T17:54:50 EST" duration-ms="734" status="PASS">
          <reporter-output>
          </reporter-output>
        </test-method> <!-- setUp -->
        <test-method signature="testNavigateToAboutPageViaLink()[pri:0, instance:com.selenium.tests.ui.prism.HomePageTest@df6620a]" started-at="2026-01-14T17:54:50 EST" name="testNavigateToAboutPageViaLink" finished-at="2026-01-14T17:54:50 EST" duration-ms="354" status="PASS">
          <reporter-output>
          </reporter-output>
        </test-method> <!-- testNavigateToAboutPageViaLink -->
        <test-method is-config="true" signature="tearDown()[pri:0, instance:com.selenium.tests.ui.prism.HomePageTest@df6620a]" started-at="2026-01-14T17:54:50 EST" name="tearDown" finished-at="2026-01-14T17:54:50 EST" duration-ms="84" status="PASS">
          <reporter-output>
          </reporter-output>
        </test-method> <!-- tearDown -->
        <test-method is-config="true" signature="setUp()[pri:0, instance:com.selenium.tests.ui.prism.HomePageTest@df6620a]" started-at="2026-01-14T17:54:50 EST" name="setUp" finished-at="2026-01-14T17:54:51 EST" duration-ms="797" status="PASS">
          <reporter-output>
          </reporter-output>
        </test-method> <!-- setUp -->
        <test-method signature="testNavigateToContactPageViaLink()[pri:0, instance:com.selenium.tests.ui.prism.HomePageTest@df6620a]" started-at="2026-01-14T17:54:51 EST" name="testNavigateToContactPageViaLink" finished-at="2026-01-14T17:54:52 EST" duration-ms="1178" status="PASS">
          <reporter-output>
          </reporter-output>
        </test-method> <!-- testNavigateToContactPageViaLink -->
        <test-method is-config="true" signature="tearDown()[pri:0, instance:com.selenium.tests.ui.prism.HomePageTest@df6620a]" started-at="2026-01-14T17:54:52 EST" name="tearDown" finished-at="2026-01-14T17:54:52 EST" duration-ms="77" status="PASS">
          <reporter-output>
          </reporter-output>
        </test-method> <!-- tearDown -->
        <test-method is-config="true" signature="setUp()[pri:0, instance:com.selenium.tests.ui.prism.HomePageTest@df6620a]" started-at="2026-01-14T17:54:52 EST" name="setUp" finished-at="2026-01-14T17:54:53 EST" duration-ms="726" status="PASS">
          <reporter-output>
          </reporter-output>
        </test-method> <!-- setUp -->
        <test-method signature="testOurProductsSectionVisible()[pri:0, instance:com.selenium.tests.ui.prism.HomePageTest@df6620a]" started-at="2026-01-14T17:54:53 EST" name="testOurProductsSectionVisible" finished-at="2026-01-14T17:54:53 EST" duration-ms="268" status="PASS">
          <reporter-output>
          </reporter-output>
        </test-method> <!-- testOurProductsSectionVisible -->
        <test-method is-config="true" signature="tearDown()[pri:0, instance:com.selenium.tests.ui.prism.HomePageTest@df6620a]" started-at="2026-01-14T17:54:53 EST" name="tearDown" finished-at="2026-01-14T17:54:53 EST" duration-ms="78" status="PASS">
          <reporter-output>
          </reporter-output>
        </test-method> <!-- tearDown -->
        <test-method is-config="true" signature="setUp()[pri:0, instance:com.selenium.tests.ui.prism.HomePageTest@df6620a]" started-at="2026-01-14T17:54:53 EST" name="setUp" finished-at="2026-01-14T17:54:54 EST" duration-ms="787" status="PASS">
          <reporter-output>
          </reporter-output>
        </test-method> <!-- setUp -->
        <test-method signature="testWhyChoosePrismSectionVisible()[pri:0, instance:com.selenium.tests.ui.prism.HomePageTest@df6620a]" started-at="2026-01-14T17:54:54 EST" name="testWhyChoosePrismSectionVisible" finished-at="2026-01-14T17:54:54 EST" duration-ms="285" status="PASS">
          <reporter-output>
          </reporter-output>
        </test-method> <!-- testWhyChoosePrismSectionVisible -->
        <test-method is-config="true" signature="tearDown()[pri:0, instance:com.selenium.tests.ui.prism.HomePageTest@df6620a]" started-at="2026-01-14T17:54:54 EST" name="tearDown" finished-at="2026-01-14T17:54:55 EST" duration-ms="78" status="PASS">
          <reporter-output>
          </reporter-output>
        </test-method> <!-- tearDown -->
      </class> <!-- com.selenium.tests.ui.prism.HomePageTest -->
      <class name="com.selenium.tests.ui.prism.PrismNavigationTest">
        <test-method is-config="true" signature="setUp()[pri:0, instance:com.selenium.tests.ui.prism.PrismNavigationTest@5e3d57c7]" started-at="2026-01-14T17:55:16 EST" name="setUp" finished-at="2026-01-14T17:55:17 EST" duration-ms="785" status="PASS">
          <reporter-output>
          </reporter-output>
        </test-method> <!-- setUp -->
        <test-method signature="testBrowserBackButton()[pri:0, instance:com.selenium.tests.ui.prism.PrismNavigationTest@5e3d57c7]" started-at="2026-01-14T17:55:17 EST" name="testBrowserBackButton" finished-at="2026-01-14T17:55:17 EST" duration-ms="350" status="PASS">
          <reporter-output>
          </reporter-output>
        </test-method> <!-- testBrowserBackButton -->
        <test-method is-config="true" signature="tearDown()[pri:0, instance:com.selenium.tests.ui.prism.PrismNavigationTest@5e3d57c7]" started-at="2026-01-14T17:55:17 EST" name="tearDown" finished-at="2026-01-14T17:55:17 EST" duration-ms="79" status="PASS">
          <reporter-output>
          </reporter-output>
        </test-method> <!-- tearDown -->
        <test-method is-config="true" signature="setUp()[pri:0, instance:com.selenium.tests.ui.prism.PrismNavigationTest@5e3d57c7]" started-at="2026-01-14T17:55:17 EST" name="setUp" finished-at="2026-01-14T17:55:18 EST" duration-ms="742" status="PASS">
          <reporter-output>
          </reporter-output>
        </test-method> <!-- setUp -->
        <test-method signature="testBrowserForwardButton()[pri:0, instance:com.selenium.tests.ui.prism.PrismNavigationTest@5e3d57c7]" started-at="2026-01-14T17:55:18 EST" name="testBrowserForwardButton" finished-at="2026-01-14T17:55:19 EST" duration-ms="1247" status="PASS">
          <reporter-output>
          </reporter-output>
        </test-method> <!-- testBrowserForwardButton -->
        <test-method is-config="true" signature="tearDown()[pri:0, instance:com.selenium.tests.ui.prism.PrismNavigationTest@5e3d57c7]" started-at="2026-01-14T17:55:19 EST" name="tearDown" finished-at="2026-01-14T17:55:19 EST" duration-ms="81" status="PASS">
          <reporter-output>
          </reporter-output>
        </test-method> <!-- tearDown -->
        <test-method is-config="true" signature="setUp()[pri:0, instance:com.selenium.tests.ui.prism.PrismNavigationTest@5e3d57c7]" started-at="2026-01-14T17:55:19 EST" name="setUp" finished-at="2026-01-14T17:55:20 EST" duration-ms="851" status="PASS">
          <reporter-output>
          </reporter-output>
        </test-method> <!-- setUp -->
        <test-method signature="testCompleteNavigationFlow()[pri:0, instance:com.selenium.tests.ui.prism.PrismNavigationTest@5e3d57c7]" started-at="2026-01-14T17:55:20 EST" name="testCompleteNavigationFlow" finished-at="2026-01-14T17:55:21 EST" duration-ms="1217" status="PASS">
          <reporter-output>
          </reporter-output>
        </test-method> <!-- testCompleteNavigationFlow -->
        <test-method is-config="true" signature="tearDown()[pri:0, instance:com.selenium.tests.ui.prism.PrismNavigationTest@5e3d57c7]" started-at="2026-01-14T17:55:21 EST" name="tearDown" finished-at="2026-01-14T17:55:21 EST" duration-ms="81" status="PASS">
          <reporter-output>
          </reporter-output>
        </test-method> <!-- tearDown -->
        <test-method is-config="true" signature="setUp()[pri:0, instance:com.selenium.tests.ui.prism.PrismNavigationTest@5e3d57c7]" started-at="2026-01-14T17:55:21 EST" name="setUp" finished-at="2026-01-14T17:55:22 EST" duration-ms="727" status="PASS">
          <reporter-output>
          </reporter-output>
        </test-method> <!-- setUp -->
        <test-method signature="testDirectNavigationToAllPages()[pri:0, instance:com.selenium.tests.ui.prism.PrismNavigationTest@5e3d57c7]" started-at="2026-01-14T17:55:22 EST" name="testDirectNavigationToAllPages" finished-at="2026-01-14T17:55:22 EST" duration-ms="517" status="PASS">
          <reporter-output>
          </reporter-output>
        </test-method> <!-- testDirectNavigationToAllPages -->
        <test-method is-config="true" signature="tearDown()[pri:0, instance:com.selenium.tests.ui.prism.PrismNavigationTest@5e3d57c7]" started-at="2026-01-14T17:55:22 EST" name="tearDown" finished-at="2026-01-14T17:55:23 EST" duration-ms="79" status="PASS">
          <reporter-output>
          </reporter-output>
        </test-method> <!-- tearDown -->
        <test-method is-config="true" signature="setUp()[pri:0, instance:com.selenium.tests.ui.prism.PrismNavigationTest@5e3d57c7]" started-at="2026-01-14T17:55:23 EST" name="setUp" finished-at="2026-01-14T17:55:23 EST" duration-ms="775" status="PASS">
          <reporter-output>
          </reporter-output>
        </test-method> <!-- setUp -->
        <test-method signature="testHomePageAllLinksAccessible()[pri:0, instance:com.selenium.tests.ui.prism.PrismNavigationTest@5e3d57c7]" started-at="2026-01-14T17:55:23 EST" name="testHomePageAllLinksAccessible" finished-at="2026-01-14T17:55:24 EST" duration-ms="266" status="PASS">
          <reporter-output>
          </reporter-output>
        </test-method> <!-- testHomePageAllLinksAccessible -->
        <test-method is-config="true" signature="tearDown()[pri:0, instance:com.selenium.tests.ui.prism.PrismNavigationTest@5e3d57c7]" started-at="2026-01-14T17:55:24 EST" name="tearDown" finished-at="2026-01-14T17:55:24 EST" duration-ms="77" status="PASS">
          <reporter-output>
          </reporter-output>
        </test-method> <!-- tearDown -->
        <test-method is-config="true" signature="setUp()[pri:0, instance:com.selenium.tests.ui.prism.PrismNavigationTest@5e3d57c7]" started-at="2026-01-14T17:55:24 EST" name="setUp" finished-at="2026-01-14T17:55:24 EST" duration-ms="716" status="PASS">
          <reporter-output>
          </reporter-output>
        </test-method> <!-- setUp -->
        <test-method signature="testPageTitleConsistency()[pri:0, instance:com.selenium.tests.ui.prism.PrismNavigationTest@5e3d57c7]" started-at="2026-01-14T17:55:24 EST" name="testPageTitleConsistency" finished-at="2026-01-14T17:55:25 EST" duration-ms="412" status="PASS">
          <reporter-output>
          </reporter-output>
        </test-method> <!-- testPageTitleConsistency -->
        <test-method is-config="true" signature="tearDown()[pri:0, instance:com.selenium.tests.ui.prism.PrismNavigationTest@5e3d57c7]" started-at="2026-01-14T17:55:25 EST" name="tearDown" finished-at="2026-01-14T17:55:25 EST" duration-ms="77" status="PASS">
          <reporter-output>
          </reporter-output>
        </test-method> <!-- tearDown -->
      </class> <!-- com.selenium.tests.ui.prism.PrismNavigationTest -->
    </test> <!-- Prism Software Solutions Tests -->
  </suite> <!-- Selenium Test Suite -->
</testng-results>
