<?xml version="1.0" encoding="UTF-8"?>
<!-- Generated by org.testng.reporters.JUnitReportReporter -->
<testsuite hostname="PaulPrabakars-MacBook-Pro.local" failures="0" tests="9" name="com.selenium.tests.ui.prism.ContactPageTest" time="10.605" errors="0" timestamp="2026-01-14T17:55:25 EST" skipped="0">
  <testcase classname="com.selenium.tests.ui.prism.ContactPageTest" name="testContactPageTitle" time="1.064"/>
  <system-out/>
  <testcase classname="com.selenium.tests.ui.prism.ContactPageTest" name="testFillContactForm" time="1.238"/>
  <system-out/>
  <testcase classname="com.selenium.tests.ui.prism.ContactPageTest" name="testNavigateToHomePageFromContact" time="1.238"/>
  <system-out/>
  <testcase classname="com.selenium.tests.ui.prism.ContactPageTest" name="testConnectSectionVisible" time="1.126"/>
  <system-out/>
  <testcase classname="com.selenium.tests.ui.prism.ContactPageTest" name="testContactFormElementsDisplayed" time="1.185"/>
  <system-out/>
  <testcase classname="com.selenium.tests.ui.prism.ContactPageTest" name="testContactPageNavigationPath" time="1.106"/>
  <system-out/>
  <testcase classname="com.selenium.tests.ui.prism.ContactPageTest" name="testSubmitContactForm" time="1.214"/>
  <system-out/>
  <testcase classname="com.selenium.tests.ui.prism.ContactPageTest" name="testContactPageLoadsSuccessfully" time="1.143"/>
  <system-out/>
  <testcase classname="com.selenium.tests.ui.prism.ContactPageTest" name="testContactFormEmailValidation" time="1.291"/>
  <system-out/>
</testsuite> <!-- com.selenium.tests.ui.prism.ContactPageTest -->
