<?xml version="1.0" encoding="UTF-8"?>
<!-- Generated by org.testng.reporters.JUnitReportReporter -->
<testsuite hostname="PaulPrabakars-MacBook-Pro.local" failures="0" tests="9" name="com.selenium.tests.ui.prism.AboutPageTest" time="10.597" errors="0" timestamp="2026-01-14T17:55:25 EST" skipped="0">
  <testcase classname="com.selenium.tests.ui.prism.AboutPageTest" name="testMissionContent" time="1.131"/>
  <system-out/>
  <testcase classname="com.selenium.tests.ui.prism.AboutPageTest" name="testMissionSectionVisible" time="1.260"/>
  <system-out/>
  <testcase classname="com.selenium.tests.ui.prism.AboutPageTest" name="testSmartOperationsSectionVisible" time="1.078"/>
  <system-out/>
  <testcase classname="com.selenium.tests.ui.prism.AboutPageTest" name="testAboutPageLoadsSuccessfully" time="1.143"/>
  <system-out/>
  <testcase classname="com.selenium.tests.ui.prism.AboutPageTest" name="testVisionSectionVisible" time="1.146"/>
  <system-out/>
  <testcase classname="com.selenium.tests.ui.prism.AboutPageTest" name="testAboutPageTitle" time="1.135"/>
  <system-out/>
  <testcase classname="com.selenium.tests.ui.prism.AboutPageTest" name="testNavigateToContactPageFromAbout" time="1.221"/>
  <system-out/>
  <testcase classname="com.selenium.tests.ui.prism.AboutPageTest" name="testNavigateToHomePageFromAbout" time="1.369"/>
  <system-out/>
  <testcase classname="com.selenium.tests.ui.prism.AboutPageTest" name="testVisionContent" time="1.114"/>
  <system-out/>
</testsuite> <!-- com.selenium.tests.ui.prism.AboutPageTest -->
