<?xml version="1.0" encoding="UTF-8"?>
<!-- Generated by org.testng.reporters.JUnitReportReporter -->
<testsuite hostname="PaulPrabakars-MacBook-Pro.local" failures="0" tests="6" name="com.selenium.tests.ui.prism.HomePageTest" time="8.143" errors="0" timestamp="2026-01-14T17:55:25 EST" skipped="0">
  <testcase classname="com.selenium.tests.ui.prism.HomePageTest" name="testHomePageMainHeading" time="1.280"/>
  <system-out/>
  <testcase classname="com.selenium.tests.ui.prism.HomePageTest" name="testNavigateToContactPageViaLink" time="2.214"/>
  <system-out/>
  <testcase classname="com.selenium.tests.ui.prism.HomePageTest" name="testNavigateToAboutPageViaLink" time="1.158"/>
  <system-out/>
  <testcase classname="com.selenium.tests.ui.prism.HomePageTest" name="testWhyChoosePrismSectionVisible" time="1.156"/>
  <system-out/>
  <testcase classname="com.selenium.tests.ui.prism.HomePageTest" name="testHomePageLoadsSuccessfully" time="1.166"/>
  <system-out/>
  <testcase classname="com.selenium.tests.ui.prism.HomePageTest" name="testOurProductsSectionVisible" time="1.169"/>
  <system-out/>
</testsuite> <!-- com.selenium.tests.ui.prism.HomePageTest -->
