<?xml version="1.0" encoding="UTF-8"?>
<!-- Generated by org.testng.reporters.JUnitReportReporter -->
<testsuite hostname="PaulPrabakars-MacBook-Pro.local" failures="0" tests="6" name="com.selenium.tests.ui.prism.PrismNavigationTest" time="9.079" errors="0" timestamp="2026-01-14T17:55:25 EST" skipped="0">
  <testcase classname="com.selenium.tests.ui.prism.PrismNavigationTest" name="testCompleteNavigationFlow" time="2.038"/>
  <system-out/>
  <testcase classname="com.selenium.tests.ui.prism.PrismNavigationTest" name="testBrowserForwardButton" time="2.113"/>
  <system-out/>
  <testcase classname="com.selenium.tests.ui.prism.PrismNavigationTest" name="testDirectNavigationToAllPages" time="1.449"/>
  <system-out/>
  <testcase classname="com.selenium.tests.ui.prism.PrismNavigationTest" name="testPageTitleConsistency" time="1.218"/>
  <system-out/>
  <testcase classname="com.selenium.tests.ui.prism.PrismNavigationTest" name="testHomePageAllLinksAccessible" time="1.059"/>
  <system-out/>
  <testcase classname="com.selenium.tests.ui.prism.PrismNavigationTest" name="testBrowserBackButton" time="1.202"/>
  <system-out/>
</testsuite> <!-- com.selenium.tests.ui.prism.PrismNavigationTest -->
